<?xml version="1.0" encoding="UTF-8"?>
<!-- Generated by org.testng.reporters.JUnitXMLReporter -->
<testsuite ignored="0" hostname="DESKTOP-BPMLV0Q" failures="0" tests="4" name="Default test" time="80.2" errors="0" timestamp="2020-06-01T11:24:24 IST">
  <testcase classname="utility.autotest" name="signin" time="14.499"/>
  <testcase classname="utility.autotest" name="searchItem" time="10.82"/>
  <testcase classname="utility.autotest" name="addToCart" time="23.888"/>
  <testcase classname="utility.autotest" name="logout" time="4.143"/>
</testsuite> <!-- Default test -->
