<?xml version="1.0" encoding="UTF-8"?>
<testng-results ignored="0" total="4" passed="4" failed="0" skipped="0">
  <reporter-output>
    <line>
      <![CDATA[Testcases Exceution Report For Website]]>
    </line>
  </reporter-output>
  <suite started-at="2020-06-01T11:23:04 IST" name="Default suite" finished-at="2020-06-01T11:24:24 IST" duration-ms="80200">
    <groups>
    </groups>
    <test started-at="2020-06-01T11:23:04 IST" name="Default test" finished-at="2020-06-01T11:24:24 IST" duration-ms="80200">
      <class name="utility.autotest">
        <test-method is-config="true" signature="sample()[pri:0, instance:utility.autotest@233fe9b6]" started-at="2020-06-01T11:23:04 IST" name="sample" finished-at="2020-06-01T11:23:31 IST" duration-ms="26676" status="PASS">
          <reporter-output>
            <line>
              <![CDATA[Testcases Exceution Report For Website]]>
            </line>
          </reporter-output>
        </test-method> <!-- sample -->
        <test-method signature="signin()[pri:0, instance:utility.autotest@233fe9b6]" started-at="2020-06-01T11:23:31 IST" name="signin" finished-at="2020-06-01T11:23:45 IST" duration-ms="14499" status="PASS">
          <reporter-output>
          </reporter-output>
        </test-method> <!-- signin -->
        <test-method signature="searchItem()[pri:1, instance:utility.autotest@233fe9b6]" started-at="2020-06-01T11:23:45 IST" name="searchItem" finished-at="2020-06-01T11:23:56 IST" duration-ms="10820" status="PASS">
          <reporter-output>
          </reporter-output>
        </test-method> <!-- searchItem -->
        <test-method signature="addToCart()[pri:2, instance:utility.autotest@233fe9b6]" started-at="2020-06-01T11:23:56 IST" name="addToCart" finished-at="2020-06-01T11:24:20 IST" duration-ms="23888" status="PASS">
          <reporter-output>
          </reporter-output>
        </test-method> <!-- addToCart -->
        <test-method signature="logout()[pri:3, instance:utility.autotest@233fe9b6]" started-at="2020-06-01T11:24:20 IST" name="logout" finished-at="2020-06-01T11:24:24 IST" duration-ms="4143" status="PASS">
          <reporter-output>
          </reporter-output>
        </test-method> <!-- logout -->
      </class> <!-- utility.autotest -->
    </test> <!-- Default test -->
  </suite> <!-- Default suite -->
</testng-results>
